<?xml version="1.0" encoding="UTF-8"?>
<!-- Generated by org.testng.reporters.JUnitXMLReporter -->
<testsuite ignored="0" hostname="Abdul-Mazhar.local" failures="1" tests="4" name="Test" time="38.377" errors="0" timestamp="2024-01-27T14:07:44 IST">
  <testcase classname="App_login_test.login_test_using_selenium" name="login_using_selenium" time="38.261">
    <failure type="java.lang.AssertionError" message="expected:&amp;lt;Forgotten Password | Can&amp;apos;t Log In | Facebook&amp;gt; but was:&amp;lt;Facebook&amp;gt;">
      <![CDATA[java.lang.AssertionError: expected:<Forgotten Password | Can't Log In | Facebook> but was:<Facebook>
at App_login_test.login_test_using_selenium.login_using_selenium(login_test_using_selenium.java:28)
at java.base/java.util.ArrayList.forEach(ArrayList.java:1511)
... Removed 29 stack frames]]>
    </failure>
  </testcase> <!-- login_using_selenium -->
  <testcase classname="App_login_test.login_test" name="login_test1" time="0.027"/>
  <testcase classname="App_login_test.login_test" name="login_test2" time="0.005"/>
  <testcase classname="App_login_test.login_test" name="login_test3" time="0.001"/>
</testsuite> <!-- Test -->
